  CameraParameter.cpp
  CvUtil.cpp
CvUtil.cpp(193): warning C4244: “初始化”: 从“double”转换到“float”，可能丢失数据
CvUtil.cpp(200): warning C4244: “=”: 从“double”转换到“float”，可能丢失数据
CvUtil.cpp(201): warning C4244: “=”: 从“double”转换到“float”，可能丢失数据
CvUtil.cpp(202): warning C4244: “=”: 从“double”转换到“float”，可能丢失数据
CvUtil.cpp(206): warning C4244: “=”: 从“double”转换到“float”，可能丢失数据
CvUtil.cpp(207): warning C4244: “=”: 从“double”转换到“float”，可能丢失数据
  DepthReconstruct.cpp
DepthReconstruct.cpp(78): warning C4018: “<”: 有符号/无符号不匹配
DepthReconstruct.cpp(93): warning C4244: “参数”: 从“double”转换到“int”，可能丢失数据
DepthReconstruct.cpp(97): warning C4018: “<”: 有符号/无符号不匹配
DepthReconstruct.cpp(120): warning C4244: “参数”: 从“double”转换到“int”，可能丢失数据
  KeyPointMatcher.cpp
KeyPointMatcher.cpp(33): warning C4018: “<”: 有符号/无符号不匹配
KeyPointMatcher.cpp(39): warning C4018: “<”: 有符号/无符号不匹配
KeyPointMatcher.cpp(85): warning C4018: “<”: 有符号/无符号不匹配
KeyPointMatcher.cpp(91): warning C4018: “<”: 有符号/无符号不匹配
KeyPointMatcher.cpp(137): warning C4018: “<”: 有符号/无符号不匹配
KeyPointMatcher.cpp(143): warning C4018: “<”: 有符号/无符号不匹配
KeyPointMatcher.cpp(176): warning C4018: “<”: 有符号/无符号不匹配
KeyPointMatcher.cpp(189): warning C4018: “<”: 有符号/无符号不匹配
KeyPointMatcher.cpp(211): warning C4244: “参数”: 从“const int”转换到“float”，可能丢失数据
KeyPointMatcher.cpp(216): warning C4244: “参数”: 从“const int”转换到“float”，可能丢失数据
KeyPointMatcher.cpp(223): warning C4018: “<”: 有符号/无符号不匹配
KeyPointMatcher.cpp(235): warning C4018: “<”: 有符号/无符号不匹配
KeyPointMatcher.cpp(258): warning C4018: “<”: 有符号/无符号不匹配
KeyPointMatcher.cpp(267): warning C4244: “参数”: 从“double”转换到“float”，可能丢失数据
KeyPointMatcher.cpp(274): warning C4244: “参数”: 从“double”转换到“float”，可能丢失数据
  main.cpp
main.cpp(64): warning C4018: “<”: 有符号/无符号不匹配
main.cpp(139): warning C4244: “参数”: 从“double”转换到“int”，可能丢失数据
  PhotoConsistency.cpp
  Util.cpp
  正在生成代码
  All 1021 functions were compiled because no usable IPDB/IOBJ from previous compilation was found.
  已完成代码的生成
  LKMultiview.vcxproj -> Z:\v-kulu\Documents\LKMultiview\Release\LKMultiview.exe
  LKMultiview.vcxproj -> Z:\v-kulu\Documents\LKMultiview\Release\LKMultiview.pdb (Full PDB)
