z:\v-kulu\documents\lkmultiview\lkmultiview\debug\vc140.pdb
z:\v-kulu\documents\lkmultiview\lkmultiview\debug\vc140.idb
z:\v-kulu\documents\lkmultiview\lkmultiview\debug\main.obj
z:\v-kulu\documents\lkmultiview\lkmultiview\debug\patch.obj
z:\v-kulu\documents\lkmultiview\lkmultiview\debug\reconstruct.obj
z:\v-kulu\documents\lkmultiview\lkmultiview\debug\tracking.obj
z:\v-kulu\documents\lkmultiview\lkmultiview\debug\util.obj
z:\v-kulu\documents\lkmultiview\debug\lkmultiview.pdb
z:\v-kulu\documents\lkmultiview\lkmultiview\debug\lkmultiview.tlog\cl.read.1.tlog
z:\v-kulu\documents\lkmultiview\lkmultiview\debug\lkmultiview.tlog\link.8724.write.1.tlog
z:\v-kulu\documents\lkmultiview\lkmultiview\debug\lkmultiview.tlog\link.read.1.tlog
z:\v-kulu\documents\lkmultiview\lkmultiview\debug\lkmultiview.tlog\cl.write.1.tlog
z:\v-kulu\documents\lkmultiview\lkmultiview\debug\lkmultiview.tlog\link.8724-rc.read.1.tlog
z:\v-kulu\documents\lkmultiview\lkmultiview\debug\lkmultiview.tlog\link.write.1.tlog
z:\v-kulu\documents\lkmultiview\lkmultiview\debug\lkmultiview.tlog\cl.command.1.tlog
z:\v-kulu\documents\lkmultiview\lkmultiview\debug\lkmultiview.tlog\link.8724-cvtres.write.1.tlog
z:\v-kulu\documents\lkmultiview\lkmultiview\debug\lkmultiview.tlog\link.command.1.tlog
z:\v-kulu\documents\lkmultiview\lkmultiview\debug\lkmultiview.tlog\link.8724-rc.write.1.tlog
z:\v-kulu\documents\lkmultiview\lkmultiview\debug\lkmultiview.tlog\link.8724-cvtres.read.1.tlog
z:\v-kulu\documents\lkmultiview\lkmultiview\debug\lkmultiview.tlog\link.8724.read.1.tlog
